#
# There is insufficient memory for the Java Runtime Environment to continue.
# Native memory allocation (mmap) failed to map 251658240 bytes for G1 virtual space
# Possible reasons:
#   The system is out of physical RAM or swap space
#   The process is running with CompressedOops enabled, and the Java Heap may be blocking the growth of the native heap
# Possible solutions:
#   Reduce memory load on the system
#   Increase physical memory or swap space
#   Check if swap backing store is full
#   Decrease Java heap size (-Xmx/-Xms)
#   Decrease number of Java threads
#   Decrease Java thread stack sizes (-Xss)
#   Set larger code cache with -XX:ReservedCodeCacheSize=
#   JVM is running with Zero Based Compressed Oops mode in which the Java heap is
#     placed in the first 32GB address space. The Java Heap base address is the
#     maximum limit for the native heap growth. Please use -XX:HeapBaseMinAddress
#     to set the Java Heap base and to place the Java Heap above 32GB virtual address.
# This output file may be truncated or incomplete.
#
#  Out of Memory Error (os_windows.cpp:3466), pid=7848, tid=5136
#
# JRE version:  (16.0.2+7) (build )
# Java VM: OpenJDK 64-Bit Server VM (16.0.2+7-67, mixed mode, sharing, tiered, compressed oops, compressed class ptrs, g1 gc, windows-amd64)
# No core dump will be written. Minidumps are not enabled by default on client versions of Windows
#

---------------  S U M M A R Y ------------

Command Line: -XX:TieredStopAtLevel=1 -Xverify:none -Dspring.output.ansi.enabled=always -javaagent:D:\JAVA\Idea\IntelliJ IDEA 2021.2.1\lib\idea_rt.jar=55561:D:\JAVA\Idea\IntelliJ IDEA 2021.2.1\bin -Dcom.sun.management.jmxremote -Dspring.jmx.enabled=true -Dspring.liveBeansView.mbeanDomain -Dspring.application.admin.enabled=true -Dfile.encoding=UTF-8 com.example.BD.Application

Host: AMD Ryzen 3 2200U with Radeon Vega Mobile Gfx  , 4 cores, 14G,  Windows 10 , 64 bit Build 17763 (10.0.17763.2300)
Time: Sun Dec  5 23:20:07 2021 RTZ 2 (зима) elapsed time: 0.023805 seconds (0d 0h 0m 0s)

---------------  T H R E A D  ---------------

Current thread (0x0000020fa4cce100):  JavaThread "Unknown thread" [_thread_in_vm, id=5136, stack(0x0000007b71500000,0x0000007b71600000)]

Stack: [0x0000007b71500000,0x0000007b71600000]
Native frames: (J=compiled Java code, j=interpreted, Vv=VM code, C=native code)
V  [jvm.dll+0x6681ca]
V  [jvm.dll+0x7c9e69]
V  [jvm.dll+0x7cb61e]
V  [jvm.dll+0x7cbc73]
V  [jvm.dll+0x242c55]
V  [jvm.dll+0x664f89]
V  [jvm.dll+0x659b75]
V  [jvm.dll+0x2fbfbb]
V  [jvm.dll+0x3031b6]
V  [jvm.dll+0x35299e]
V  [jvm.dll+0x352bcf]
V  [jvm.dll+0x2d3028]
V  [jvm.dll+0x2d4264]
V  [jvm.dll+0x79c741]
V  [jvm.dll+0x360791]
V  [jvm.dll+0x77a3f0]
V  [jvm.dll+0x3e4e8f]
V  [jvm.dll+0x3e6961]
C  [jli.dll+0x52fb]
C  [ucrtbase.dll+0x2268a]
C  [KERNEL32.DLL+0x17974]
C  [ntdll.dll+0x5a2f1]


---------------  P R O C E S S  ---------------

Threads class SMR info:
_java_thread_list=0x00007ffd7d4dcbb8, length=0, elements={
}

Java Threads: ( => current thread )

Other Threads:
  0x0000020fa4d18150 GCTaskThread "GC Thread#0" [stack: 0x0000007b71600000,0x0000007b71700000] [id=9748]
  0x0000020fa2c0db80 ConcurrentGCThread "G1 Main Marker" [stack: 0x0000007b71700000,0x0000007b71800000] [id=18008]
  0x0000020fa2c0e5f0 ConcurrentGCThread "G1 Conc#0" [stack: 0x0000007b71800000,0x0000007b71900000] [id=18312]

[error occurred during error reporting (printing all threads), id 0xc0000005, EXCEPTION_ACCESS_VIOLATION (0xc0000005) at pc=0x00007ffd7ccb3ee7]

VM state: not at safepoint (not fully initialized)

VM Mutex/Monitor currently owned by a thread:  ([mutex/lock_event])
[0x0000020fa4cca9b0] Heap_lock - owner thread: 0x0000020fa4cce100

Heap address: 0x0000000711800000, size: 3816 MB, Compressed Oops mode: Zero based, Oop shift amount: 3

CDS archive(s) mapped at: [0x0000000000000000-0x0000000000000000-0x0000000000000000), size 0, SharedBaseAddress: 0x0000000800000000, ArchiveRelocationMode: 0.
Narrow klass base: 0x0000000000000000, Narrow klass shift: 0, Narrow klass range: 0x0

GC Precious Log:
<Empty>

Heap:
 garbage-first heap   total 0K, used 0K [0x0000000711800000, 0x0000000800000000)
  region size 2048K, 0 young (0K), 0 survivors (0K)

[error occurred during error reporting (printing heap information), id 0xc0000005, EXCEPTION_ACCESS_VIOLATION (0xc0000005) at pc=0x00007ffd7d091eed]

GC Heap History (0 events):
No events

Deoptimization events (0 events):
No events

Classes unloaded (0 events):
No events

Classes redefined (0 events):
No events

Internal exceptions (0 events):
No events

Events (1 events):
Event: 0.014 Loaded shared library C:\Users\Mishka\.jdks\openjdk-16.0.2\bin\java.dll


Dynamic libraries:
0x00007ff671630000 - 0x00007ff67163e000 	C:\Users\Mishka\.jdks\openjdk-16.0.2\bin\java.exe
0x00007ffdd30d0000 - 0x00007ffdd32bd000 	C:\Windows\SYSTEM32\ntdll.dll
0x00007ffdd2dd0000 - 0x00007ffdd2e84000 	C:\Windows\System32\KERNEL32.DLL
0x00007ffdcfc40000 - 0x00007ffdcfed4000 	C:\Windows\System32\KERNELBASE.dll
0x00007ffdcf140000 - 0x00007ffdcf23a000 	C:\Windows\System32\ucrtbase.dll
0x00007ffda1620000 - 0x00007ffda1638000 	C:\Users\Mishka\.jdks\openjdk-16.0.2\bin\jli.dll
0x00007ffdd2630000 - 0x00007ffdd27c7000 	C:\Windows\System32\USER32.dll
0x00007ffdcf4d0000 - 0x00007ffdcf4f0000 	C:\Windows\System32\win32u.dll
0x00007ffdd2fb0000 - 0x00007ffdd2fd9000 	C:\Windows\System32\GDI32.dll
0x00007ffdcf2d0000 - 0x00007ffdcf46c000 	C:\Windows\System32\gdi32full.dll
0x00007ffdcff30000 - 0x00007ffdcffd0000 	C:\Windows\System32\msvcp_win.dll
0x00007ffdb7dc0000 - 0x00007ffdb8039000 	C:\Windows\WinSxS\amd64_microsoft.windows.common-controls_6595b64144ccf1df_6.0.17763.2300_none_de6de3f4534e3b8d\COMCTL32.dll
0x00007ffdd1ed0000 - 0x00007ffdd1f6e000 	C:\Windows\System32\msvcrt.dll
0x00007ffdd18f0000 - 0x00007ffdd1c1d000 	C:\Windows\System32\combase.dll
0x00007ffdd1c20000 - 0x00007ffdd1d3f000 	C:\Windows\System32\RPCRT4.dll
0x00007ffdcf240000 - 0x00007ffdcf2c2000 	C:\Windows\System32\bcryptPrimitives.dll
0x00007ffd996a0000 - 0x00007ffd996b9000 	C:\Users\Mishka\.jdks\openjdk-16.0.2\bin\VCRUNTIME140.dll
0x00007ffdd22b0000 - 0x00007ffdd22de000 	C:\Windows\System32\IMM32.DLL
0x00007ffdabba0000 - 0x00007ffdabbac000 	C:\Users\Mishka\.jdks\openjdk-16.0.2\bin\vcruntime140_1.dll
0x00007ffd94c40000 - 0x00007ffd94cd1000 	C:\Users\Mishka\.jdks\openjdk-16.0.2\bin\msvcp140.dll
0x00007ffd7c9d0000 - 0x00007ffd7d57b000 	C:\Users\Mishka\.jdks\openjdk-16.0.2\bin\server\jvm.dll
0x00007ffdd2e90000 - 0x00007ffdd2f34000 	C:\Windows\System32\ADVAPI32.dll
0x00007ffdd20e0000 - 0x00007ffdd217e000 	C:\Windows\System32\sechost.dll
0x00007ffdd2490000 - 0x00007ffdd2498000 	C:\Windows\System32\PSAPI.DLL
0x00007ffdb9d20000 - 0x00007ffdb9d29000 	C:\Windows\SYSTEM32\WSOCK32.dll
0x00007ffdd2f40000 - 0x00007ffdd2fad000 	C:\Windows\System32\WS2_32.dll
0x00007ffdcd140000 - 0x00007ffdcd164000 	C:\Windows\SYSTEM32\WINMM.dll
0x00007ffdc7e50000 - 0x00007ffdc7e5a000 	C:\Windows\SYSTEM32\VERSION.dll
0x00007ffdcd110000 - 0x00007ffdcd13d000 	C:\Windows\SYSTEM32\WINMMBASE.dll
0x00007ffdcfee0000 - 0x00007ffdcff2a000 	C:\Windows\System32\cfgmgr32.dll
0x00007ffdcf070000 - 0x00007ffdcf081000 	C:\Windows\System32\kernel.appcore.dll
0x00007ffda2bb0000 - 0x00007ffda2bba000 	C:\Users\Mishka\.jdks\openjdk-16.0.2\bin\jimage.dll
0x00007ffdc4860000 - 0x00007ffdc4a4d000 	C:\Windows\SYSTEM32\DBGHELP.DLL
0x00007ffdc4a90000 - 0x00007ffdc4aba000 	C:\Windows\SYSTEM32\dbgcore.DLL
0x00007ffda1f30000 - 0x00007ffda1f3e000 	C:\Users\Mishka\.jdks\openjdk-16.0.2\bin\instrument.dll
0x00007ffd993b0000 - 0x00007ffd993d5000 	C:\Users\Mishka\.jdks\openjdk-16.0.2\bin\java.dll

dbghelp: loaded successfully - version: 4.0.5 - missing functions: none
symbol engine: initialized successfully - sym options: 0x614 - pdb path: .;C:\Users\Mishka\.jdks\openjdk-16.0.2\bin;C:\Windows\SYSTEM32;C:\Windows\WinSxS\amd64_microsoft.windows.common-controls_6595b64144ccf1df_6.0.17763.2300_none_de6de3f4534e3b8d;C:\Users\Mishka\.jdks\openjdk-16.0.2\bin\server

VM Arguments:
jvm_args: -XX:TieredStopAtLevel=1 -Xverify:none -Dspring.output.ansi.enabled=always -javaagent:D:\JAVA\Idea\IntelliJ IDEA 2021.2.1\lib\idea_rt.jar=55561:D:\JAVA\Idea\IntelliJ IDEA 2021.2.1\bin -Dcom.sun.management.jmxremote -Dspring.jmx.enabled=true -Dspring.liveBeansView.mbeanDomain -Dspring.application.admin.enabled=true -Dfile.encoding=UTF-8 
java_command: com.example.BD.Application
java_class_path (initial): D:\JAVA\proekts\equipment_rental\target\classes;C:\Users\Mishka\.m2\repository\org\springframework\boot\spring-boot-starter-web\2.5.6\spring-boot-starter-web-2.5.6.jar;C:\Users\Mishka\.m2\repository\org\springframework\boot\spring-boot-starter\2.5.6\spring-boot-starter-2.5.6.jar;C:\Users\Mishka\.m2\repository\org\springframework\boot\spring-boot-starter-logging\2.5.6\spring-boot-starter-logging-2.5.6.jar;C:\Users\Mishka\.m2\repository\ch\qos\logback\logback-classic\1.2.6\logback-classic-1.2.6.jar;C:\Users\Mishka\.m2\repository\ch\qos\logback\logback-core\1.2.6\logback-core-1.2.6.jar;C:\Users\Mishka\.m2\repository\org\apache\logging\log4j\log4j-to-slf4j\2.14.1\log4j-to-slf4j-2.14.1.jar;C:\Users\Mishka\.m2\repository\org\apache\logging\log4j\log4j-api\2.14.1\log4j-api-2.14.1.jar;C:\Users\Mishka\.m2\repository\org\slf4j\jul-to-slf4j\1.7.32\jul-to-slf4j-1.7.32.jar;C:\Users\Mishka\.m2\repository\jakarta\annotation\jakarta.annotation-api\1.3.5\jakarta.annotation-api-1.3.5.jar;C:\Users\Mishka\.m2\repository\org\springframework\spring-core\5.3.12\spring-core-5.3.12.jar;C:\Users\Mishka\.m2\repository\org\springframework\spring-jcl\5.3.12\spring-jcl-5.3.12.jar;C:\Users\Mishka\.m2\repository\org\yaml\snakeyaml\1.28\snakeyaml-1.28.jar;C:\Users\Mishka\.m2\repository\org\springframework\boot\spring-boot-starter-json\2.5.6\spring-boot-starter-json-2.5.6.jar;C:\Users\Mishka\.m2\repository\com\fasterxml\jackson\core\jackson-databind\2.12.5\jackson-databind-2.12.5.jar;C:\Users\Mishka\.m2\repository\com\fasterxml\jackson\core\jackson-annotations\2.12.5\jackson-annotations-2.12.5.jar;C:\Users\Mishka\.m2\repository\com\fasterxml\jackson\core\jackson-core\2.12.5\jackson-core-2.12.5.jar;C:\Users\Mishka\.m2\repository\com\fasterxml\jackson\datatype\jackson-datatype-jdk8\2.12.5\jackson-datatype-jdk8-2.12.5.jar;C:\Users\Mishka\.m2\repository\com\fasterxml\jackson\datatype\jackson-datatype-jsr310\2.12.5\jackson-datatype-jsr310-2.12.5.jar;C:\Users\Mishka\.m2\reposi
Launcher Type: SUN_STANDARD

[Global flags]
     intx CICompilerCount                          = 3                                         {product} {ergonomic}
     uint ConcGCThreads                            = 1                                         {product} {ergonomic}
     uint G1ConcRefinementThreads                  = 4                                         {product} {ergonomic}
   size_t G1HeapRegionSize                         = 2097152                                   {product} {ergonomic}
    uintx GCDrainStackTargetSize                   = 64                                        {product} {ergonomic}
   size_t InitialHeapSize                          = 251658240                                 {product} {ergonomic}
     bool ManagementServer                         = true                                      {product} {command line}
   size_t MarkStackSize                            = 4194304                                   {product} {ergonomic}
   size_t MaxHeapSize                              = 4001366016                                {product} {ergonomic}
   size_t MinHeapDeltaBytes                        = 2097152                                   {product} {ergonomic}
   size_t MinHeapSize                              = 8388608                                   {product} {ergonomic}
    uintx NonNMethodCodeHeapSize                   = 6973028                                {pd product} {ergonomic}
    uintx NonProfiledCodeHeapSize                  = 244685212                              {pd product} {ergonomic}
    uintx ProfiledCodeHeapSize                     = 0                                      {pd product} {ergonomic}
    uintx ReservedCodeCacheSize                    = 251658240                              {pd product} {ergonomic}
     bool SegmentedCodeCache                       = true                                      {product} {ergonomic}
   size_t SoftMaxHeapSize                          = 4001366016                             {manageable} {ergonomic}
     intx TieredStopAtLevel                        = 1                                         {product} {command line}
     bool UseCompressedClassPointers               = true                           {product lp64_product} {ergonomic}
     bool UseCompressedOops                        = true                           {product lp64_product} {ergonomic}
     bool UseG1GC                                  = true                                      {product} {ergonomic}
     bool UseLargePagesIndividualAllocation        = false                                  {pd product} {ergonomic}

Logging:
Log output configuration:
 #0: stdout all=warning uptime,level,tags
 #1: stderr all=off uptime,level,tags

Environment Variables:
PATH=C:\Windows\system32;C:\Windows;C:\Windows\System32\Wbem;C:\Windows\System32\WindowsPowerShell\v1.0\;C:\Windows\System32\OpenSSH\;C:\Program Files\dotnet\;C:\Program Files\Microsoft SQL Server\130\Tools\Binn\;D:\Program Files\MATLAB\R2017a\runtime\win64;D:\Program Files\MATLAB\R2017a\bin;C:\Users\Mishka\.jdks\openjdk-15.0.2\bin;C:\masm32\bin;D:\Git\Git\cmd;D:\Python\Python 3.10\Scripts\;D:\Python\Python 3.10\;C:\Users\Mishka\AppData\Local\Microsoft\WindowsApps;D:\JAVA\Idea\IntelliJ IDEA Community Edition 2020.3.2\bin;
USERNAME=Mishka
OS=Windows_NT
PROCESSOR_IDENTIFIER=AMD64 Family 23 Model 17 Stepping 0, AuthenticAMD



---------------  S Y S T E M  ---------------

OS:
 Windows 10 , 64 bit Build 17763 (10.0.17763.2300)
OS uptime: 24 days 1:05 hours

CPU: total 4 (initial active 4) (4 cores per cpu, 2 threads per core) family 23 model 17 stepping 0 microcode 0x0, cx8, cmov, fxsr, ht, mmx, 3dnowpref, sse, sse2, sse3, ssse3, sse4a, sse4.1, sse4.2, popcnt, lzcnt, tsc, tscinvbit, avx, avx2, aes, clmul, bmi1, bmi2, adx, sha, fma, vzeroupper, clflush, clflushopt

Memory: 4k page, system-wide physical 15260M (3938M free)
TotalPageFile size 19260M (AvailPageFile size 89M)
current process WorkingSet (physical memory assigned to process): 10M, peak: 10M
current process commit charge ("private bytes"): 49M, peak: 289M

vm_info: OpenJDK 64-Bit Server VM (16.0.2+7-67) for windows-amd64 JRE (16.0.2+7-67), built on Jun  8 2021 23:21:43 by "mach5one" with MS VC++ 16.7 (VS2019)

END.
